<?xml version="1.0" encoding="UTF-8"?>
<testsuite xmlns:xsi="http://www.w3.org/2001/XMLSchema-instance" xsi:noNamespaceSchemaLocation="https://maven.apache.org/surefire/maven-surefire-plugin/xsd/surefire-test-report-3.0.xsd" version="3.0" name="com.grpc.grpc_server.GrpcServerApplicationTests" time="11.49" tests="1" errors="0" skipped="0" failures="0">
  <properties>
[...]
</properties>
  <testcase name="contextLoads" classname="com.grpc.grpc_server.GrpcServerApplicationTests" time="0.712">
    <system-out><![CDATA[12:04:06.209 [main] INFO org.springframework.test.context.support.AnnotationConfigContextLoaderUtils -- Could not detect default configuration classes for test class [com.grpc.grpc_server.GrpcServerApplicationTests]: GrpcServerApplicationTests does not declare any static, non-private, non-final, nested classes annotated with @Configuration.
12:04:06.474 [main] INFO org.springframework.boot.test.context.SpringBootTestContextBootstrapper -- Found @SpringBootConfiguration com.grpc.grpc_server.GrpcServerApplication for test class com.grpc.grpc_server.GrpcServerApplicationTests

  .   ____          _            __ _ _
 /\\ / ___'_ __ _ _(_)_ __  __ _ \ \ \ \
( ( )\___ | '_ | '_| | '_ \/ _` | \ \ \ \
 \\/  ___)| |_)| | | | | || (_| |  ) ) ) )
  '  |____| .__|_| |_|_| |_\__, | / / / /
 =========|_|==============|___/=/_/_/_/

 :: Spring Boot ::                (v3.3.3)

2024-10-02T12:04:07.403-03:00  INFO 25116 --- [grpc_server] [           main] c.g.g.GrpcServerApplicationTests         : Starting GrpcServerApplicationTests using Java 17.0.8 with PID 25116 (started by Carlos in C:\Users\Carlos\oo2-workspace\tp_Distribuidos\Proyecto_RPC_18\grpc_server)
2024-10-02T12:04:07.404-03:00  INFO 25116 --- [grpc_server] [           main] c.g.g.GrpcServerApplicationTests         : No active profile set, falling back to 1 default profile: "default"
2024-10-02T12:04:08.828-03:00  INFO 25116 --- [grpc_server] [           main] .s.d.r.c.RepositoryConfigurationDelegate : Bootstrapping Spring Data JPA repositories in DEFAULT mode.
2024-10-02T12:04:09.015-03:00  INFO 25116 --- [grpc_server] [           main] .s.d.r.c.RepositoryConfigurationDelegate : Finished Spring Data repository scanning in 156 ms. Found 4 JPA repository interfaces.
2024-10-02T12:04:10.003-03:00  INFO 25116 --- [grpc_server] [           main] o.hibernate.jpa.internal.util.LogHelper  : HHH000204: Processing PersistenceUnitInfo [name: default]
2024-10-02T12:04:10.381-03:00  INFO 25116 --- [grpc_server] [           main] org.hibernate.Version                    : HHH000412: Hibernate ORM core version 6.5.2.Final
2024-10-02T12:04:10.444-03:00  INFO 25116 --- [grpc_server] [           main] o.h.c.internal.RegionFactoryInitiator    : HHH000026: Second-level cache disabled
2024-10-02T12:04:11.010-03:00  INFO 25116 --- [grpc_server] [           main] o.s.o.j.p.SpringPersistenceUnitInfo      : No LoadTimeWeaver setup: ignoring JPA class transformer
2024-10-02T12:04:11.053-03:00  INFO 25116 --- [grpc_server] [           main] com.zaxxer.hikari.HikariDataSource       : HikariPool-1 - Starting...
2024-10-02T12:04:12.337-03:00  INFO 25116 --- [grpc_server] [           main] com.zaxxer.hikari.pool.HikariPool        : HikariPool-1 - Added connection com.mysql.cj.jdbc.ConnectionImpl@3ef0e576
2024-10-02T12:04:12.341-03:00  INFO 25116 --- [grpc_server] [           main] com.zaxxer.hikari.HikariDataSource       : HikariPool-1 - Start completed.
2024-10-02T12:04:14.128-03:00  INFO 25116 --- [grpc_server] [           main] o.h.e.t.j.p.i.JtaPlatformInitiator       : HHH000489: No JTA platform available (set 'hibernate.transaction.jta.platform' to enable JTA platform integration)
2024-10-02T12:04:14.353-03:00  INFO 25116 --- [grpc_server] [           main] j.LocalContainerEntityManagerFactoryBean : Initialized JPA EntityManagerFactory for persistence unit 'default'
2024-10-02T12:04:15.585-03:00  WARN 25116 --- [grpc_server] [           main] .s.s.UserDetailsServiceAutoConfiguration : 

Using generated security password: 45cdff23-7108-4515-acdc-3421e209da85

This generated password is for development use only. Your security configuration must be updated before running your application in production.

2024-10-02T12:04:15.603-03:00  INFO 25116 --- [grpc_server] [           main] r$InitializeUserDetailsManagerConfigurer : Global AuthenticationManager configured with UserDetailsService bean with name inMemoryUserDetailsManager
2024-10-02T12:04:16.040-03:00  INFO 25116 --- [grpc_server] [           main] o.l.springboot.grpc.GRpcServerRunner     : Starting gRPC Server ...
2024-10-02T12:04:16.070-03:00  INFO 25116 --- [grpc_server] [           main] o.l.springboot.grpc.GRpcServerRunner     : 'com.grpc.grpc_server.services.ProductoManagerService' service has been registered.
2024-10-02T12:04:16.070-03:00  INFO 25116 --- [grpc_server] [           main] o.l.springboot.grpc.GRpcServerRunner     : 'com.grpc.grpc_server.services.ProductoService' service has been registered.
2024-10-02T12:04:16.070-03:00  INFO 25116 --- [grpc_server] [           main] o.l.springboot.grpc.GRpcServerRunner     : 'com.grpc.grpc_server.services.MensajeServiceImpl' service has been registered.
2024-10-02T12:04:16.071-03:00  INFO 25116 --- [grpc_server] [           main] o.l.springboot.grpc.GRpcServerRunner     : 'com.grpc.grpc_server.services.TiendaService' service has been registered.
2024-10-02T12:04:16.071-03:00  INFO 25116 --- [grpc_server] [           main] o.l.springboot.grpc.GRpcServerRunner     : 'com.grpc.grpc_server.services.LoginService' service has been registered.
2024-10-02T12:04:16.071-03:00  INFO 25116 --- [grpc_server] [           main] o.l.springboot.grpc.GRpcServerRunner     : 'org.lognet.springboot.grpc.health.DefaultHealthStatusService$$SpringCGLIB$$0' service has been registered.
2024-10-02T12:04:16.071-03:00  INFO 25116 --- [grpc_server] [           main] o.l.springboot.grpc.GRpcServerRunner     : 'com.grpc.grpc_server.services.UserService' service has been registered.
2024-10-02T12:04:16.282-03:00  INFO 25116 --- [grpc_server] [           main] o.l.springboot.grpc.GRpcServerRunner     : gRPC Server started, listening on port 9090.
2024-10-02T12:04:16.287-03:00  INFO 25116 --- [grpc_server] [           main] c.g.g.GrpcServerApplicationTests         : Started GrpcServerApplicationTests in 9.49 seconds (process running for 11.903)
]]></system-out>
  </testcase>
</testsuite>